<?xml version="1.0" encoding="UTF-8"?>
<testsuite xmlns:xsi="http://www.w3.org/2001/XMLSchema-instance" xsi:noNamespaceSchemaLocation="https://maven.apache.org/surefire/maven-surefire-plugin/xsd/surefire-test-report-3.0.xsd" version="3.0" name="TestSuite" time="9.975" tests="3" errors="0" skipped="0" failures="0">
  <properties>
    <property name="sun.desktop" value="windows"/>
    <property name="awt.toolkit" value="sun.awt.windows.WToolkit"/>
    <property name="file.encoding.pkg" value="sun.io"/>
    <property name="java.specification.version" value="1.8"/>
    <property name="sun.cpu.isalist" value="amd64"/>
    <property name="sun.jnu.encoding" value="Cp1252"/>
    <property name="java.class.path" value="C:\Users\Vineeta Pandey\Automation\My_Project\ReqResApi\target\test-classes;C:\Users\Vineeta Pandey\Automation\My_Project\ReqResApi\target\classes;C:\Users\Vineeta Pandey\.m2\repository\org\testng\testng\6.14.3\testng-6.14.3.jar;C:\Users\Vineeta Pandey\.m2\repository\com\beust\jcommander\1.72\jcommander-1.72.jar;C:\Users\Vineeta Pandey\.m2\repository\org\apache-extras\beanshell\bsh\2.0b6\bsh-2.0b6.jar;C:\Users\Vineeta Pandey\.m2\repository\io\rest-assured\rest-assured\3.3.0\rest-assured-3.3.0.jar;C:\Users\Vineeta Pandey\.m2\repository\org\codehaus\groovy\groovy\2.4.15\groovy-2.4.15.jar;C:\Users\Vineeta Pandey\.m2\repository\org\codehaus\groovy\groovy-xml\2.4.15\groovy-xml-2.4.15.jar;C:\Users\Vineeta Pandey\.m2\repository\org\apache\httpcomponents\httpclient\4.5.3\httpclient-4.5.3.jar;C:\Users\Vineeta Pandey\.m2\repository\org\apache\httpcomponents\httpcore\4.4.6\httpcore-4.4.6.jar;C:\Users\Vineeta Pandey\.m2\repository\commons-logging\commons-logging\1.2\commons-logging-1.2.jar;C:\Users\Vineeta Pandey\.m2\repository\commons-codec\commons-codec\1.9\commons-codec-1.9.jar;C:\Users\Vineeta Pandey\.m2\repository\org\apache\httpcomponents\httpmime\4.5.3\httpmime-4.5.3.jar;C:\Users\Vineeta Pandey\.m2\repository\org\hamcrest\hamcrest-core\1.3\hamcrest-core-1.3.jar;C:\Users\Vineeta Pandey\.m2\repository\org\hamcrest\hamcrest-library\1.3\hamcrest-library-1.3.jar;C:\Users\Vineeta Pandey\.m2\repository\org\ccil\cowan\tagsoup\tagsoup\1.2.1\tagsoup-1.2.1.jar;C:\Users\Vineeta Pandey\.m2\repository\io\rest-assured\json-path\3.3.0\json-path-3.3.0.jar;C:\Users\Vineeta Pandey\.m2\repository\org\codehaus\groovy\groovy-json\2.4.15\groovy-json-2.4.15.jar;C:\Users\Vineeta Pandey\.m2\repository\io\rest-assured\rest-assured-common\3.3.0\rest-assured-common-3.3.0.jar;C:\Users\Vineeta Pandey\.m2\repository\io\rest-assured\xml-path\3.3.0\xml-path-3.3.0.jar;C:\Users\Vineeta Pandey\.m2\repository\org\apache\commons\commons-lang3\3.4\commons-lang3-3.4.jar;C:\Users\Vineeta Pandey\.m2\repository\javax\xml\bind\jaxb-api\2.2.12\jaxb-api-2.2.12.jar;C:\Users\Vineeta Pandey\.m2\repository\com\sun\xml\bind\jaxb-osgi\2.2.10\jaxb-osgi-2.2.10.jar;C:\Users\Vineeta Pandey\.m2\repository\org\apache\sling\org.apache.sling.javax.activation\0.1.0\org.apache.sling.javax.activation-0.1.0.jar;C:\Users\Vineeta Pandey\.m2\repository\javax\activation\activation\1.1.1\activation-1.1.1.jar;C:\Users\Vineeta Pandey\.m2\repository\com\jayway\restassured\json-schema-validator\2.8.0\json-schema-validator-2.8.0.jar;C:\Users\Vineeta Pandey\.m2\repository\com\github\fge\json-schema-validator\2.2.6\json-schema-validator-2.2.6.jar;C:\Users\Vineeta Pandey\.m2\repository\com\google\code\findbugs\jsr305\3.0.0\jsr305-3.0.0.jar;C:\Users\Vineeta Pandey\.m2\repository\joda-time\joda-time\2.3\joda-time-2.3.jar;C:\Users\Vineeta Pandey\.m2\repository\com\googlecode\libphonenumber\libphonenumber\6.2\libphonenumber-6.2.jar;C:\Users\Vineeta Pandey\.m2\repository\com\github\fge\json-schema-core\1.2.5\json-schema-core-1.2.5.jar;C:\Users\Vineeta Pandey\.m2\repository\com\github\fge\uri-template\0.9\uri-template-0.9.jar;C:\Users\Vineeta Pandey\.m2\repository\com\github\fge\msg-simple\1.1\msg-simple-1.1.jar;C:\Users\Vineeta Pandey\.m2\repository\com\github\fge\btf\1.2\btf-1.2.jar;C:\Users\Vineeta Pandey\.m2\repository\com\google\guava\guava\16.0.1\guava-16.0.1.jar;C:\Users\Vineeta Pandey\.m2\repository\com\github\fge\jackson-coreutils\1.8\jackson-coreutils-1.8.jar;C:\Users\Vineeta Pandey\.m2\repository\com\fasterxml\jackson\core\jackson-databind\2.2.3\jackson-databind-2.2.3.jar;C:\Users\Vineeta Pandey\.m2\repository\com\fasterxml\jackson\core\jackson-annotations\2.2.3\jackson-annotations-2.2.3.jar;C:\Users\Vineeta Pandey\.m2\repository\com\fasterxml\jackson\core\jackson-core\2.2.3\jackson-core-2.2.3.jar;C:\Users\Vineeta Pandey\.m2\repository\org\mozilla\rhino\1.7R4\rhino-1.7R4.jar;C:\Users\Vineeta Pandey\.m2\repository\javax\mail\mailapi\1.4.3\mailapi-1.4.3.jar;C:\Users\Vineeta Pandey\.m2\repository\net\sf\jopt-simple\jopt-simple\4.6\jopt-simple-4.6.jar;C:\Users\Vineeta Pandey\.m2\repository\org\apache\maven\plugins\maven-surefire-plugin\3.0.0-M3\maven-surefire-plugin-3.0.0-M3.jar;C:\Users\Vineeta Pandey\.m2\repository\org\apache\maven\surefire\maven-surefire-common\3.0.0-M3\maven-surefire-common-3.0.0-M3.jar;C:\Users\Vineeta Pandey\.m2\repository\org\apache\maven\surefire\surefire-api\3.0.0-M3\surefire-api-3.0.0-M3.jar;C:\Users\Vineeta Pandey\.m2\repository\org\apache\maven\surefire\surefire-logger-api\3.0.0-M3\surefire-logger-api-3.0.0-M3.jar;C:\Users\Vineeta Pandey\.m2\repository\org\apache\maven\surefire\surefire-booter\3.0.0-M3\surefire-booter-3.0.0-M3.jar;C:\Users\Vineeta Pandey\.m2\repository\org\apache\maven\maven-toolchain\3.0-alpha-2\maven-toolchain-3.0-alpha-2.jar;C:\Users\Vineeta Pandey\.m2\repository\org\apache\maven\maven-core\3.0-alpha-2\maven-core-3.0-alpha-2.jar;C:\Users\Vineeta Pandey\.m2\repository\org\apache\maven\maven-lifecycle\3.0-alpha-2\maven-lifecycle-3.0-alpha-2.jar;C:\Users\Vineeta Pandey\.m2\repository\org\apache\maven\maven-reporting-api\3.0-alpha-2\maven-reporting-api-3.0-alpha-2.jar;C:\Users\Vineeta Pandey\.m2\repository\org\apache\maven\doxia\doxia-sink-api\1.0-alpha-9\doxia-sink-api-1.0-alpha-9.jar;C:\Users\Vineeta Pandey\.m2\repository\org\apache\maven\maven-model\3.0-alpha-2\maven-model-3.0-alpha-2.jar;C:\Users\Vineeta Pandey\.m2\repository\org\apache\maven\maven-plugin-api\3.0-alpha-2\maven-plugin-api-3.0-alpha-2.jar;C:\Users\Vineeta Pandey\.m2\repository\org\codehaus\plexus\plexus-container-default\1.0-beta-3.0.5\plexus-container-default-1.0-beta-3.0.5.jar;C:\Users\Vineeta Pandey\.m2\repository\org\apache\xbean\xbean-reflect\3.4\xbean-reflect-3.4.jar;C:\Users\Vineeta Pandey\.m2\repository\log4j\log4j\1.2.12\log4j-1.2.12.jar;C:\Users\Vineeta Pandey\.m2\repository\commons-logging\commons-logging-api\1.1\commons-logging-api-1.1.jar;C:\Users\Vineeta Pandey\.m2\repository\com\google\code\google-collections\google-collect\snapshot-20080530\google-collect-snapshot-20080530.jar;C:\Users\Vineeta Pandey\.m2\repository\junit\junit\3.8.2\junit-3.8.2.jar;C:\Users\Vineeta Pandey\.m2\repository\org\apache\maven\maven-project\3.0-alpha-2\maven-project-3.0-alpha-2.jar;C:\Users\Vineeta Pandey\.m2\repository\org\codehaus\woodstox\wstx-asl\3.2.6\wstx-asl-3.2.6.jar;C:\Users\Vineeta Pandey\.m2\repository\org\apache\maven\maven-project-builder\3.0-alpha-2\maven-project-builder-3.0-alpha-2.jar;C:\Users\Vineeta Pandey\.m2\repository\commons-cli\commons-cli\1.0\commons-cli-1.0.jar;C:\Users\Vineeta Pandey\.m2\repository\org\codehaus\plexus\plexus-interactivity-api\1.0-alpha-6\plexus-interactivity-api-1.0-alpha-6.jar;C:\Users\Vineeta Pandey\.m2\repository\org\codehaus\plexus\plexus-interpolation\1.1\plexus-interpolation-1.1.jar;C:\Users\Vineeta Pandey\.m2\repository\org\codehaus\plexus\plexus-utils\1.5.6\plexus-utils-1.5.6.jar;C:\Users\Vineeta Pandey\.m2\repository\org\codehaus\plexus\plexus-classworlds\1.3\plexus-classworlds-1.3.jar;C:\Users\Vineeta Pandey\.m2\repository\org\codehaus\plexus\plexus-component-annotations\1.0-beta-3.0.5\plexus-component-annotations-1.0-beta-3.0.5.jar;C:\Users\Vineeta Pandey\.m2\repository\org\sonatype\plexus\plexus-plugin-manager\1.0-alpha-1\plexus-plugin-manager-1.0-alpha-1.jar;C:\Users\Vineeta Pandey\.m2\repository\org\apache\maven\mercury\mercury-plexus\1.0.0-alpha-2\mercury-plexus-1.0.0-alpha-2.jar;C:\Users\Vineeta Pandey\.m2\repository\org\apache\maven\mercury\mercury-repo-remote-m2\1.0.0-alpha-2\mercury-repo-remote-m2-1.0.0-alpha-2.jar;C:\Users\Vineeta Pandey\.m2\repository\org\apache\maven\mercury\mercury-repo-api\1.0.0-alpha-2\mercury-repo-api-1.0.0-alpha-2.jar;C:\Users\Vineeta Pandey\.m2\repository\org\apache\maven\mercury\mercury-transport-api\1.0.0-alpha-2\mercury-transport-api-1.0.0-alpha-2.jar;C:\Users\Vineeta Pandey\.m2\repository\org\apache\maven\mercury\mercury-crypto-api\1.0.0-alpha-2\mercury-crypto-api-1.0.0-alpha-2.jar;C:\Users\Vineeta Pandey\.m2\repository\org\apache\maven\mercury\mercury-transport-http\1.0.0-alpha-2\mercury-transport-http-1.0.0-alpha-2.jar;C:\Users\Vineeta Pandey\.m2\repository\org\mortbay\jetty\jetty-client\6.1.12\jetty-client-6.1.12.jar;C:\Users\Vineeta Pandey\.m2\repository\org\mortbay\jetty\jetty-sslengine\6.1.12\jetty-sslengine-6.1.12.jar;C:\Users\Vineeta Pandey\.m2\repository\org\mortbay\jetty\jetty\6.1.12\jetty-6.1.12.jar;C:\Users\Vineeta Pandey\.m2\repository\org\mortbay\jetty\jetty-util\6.1.12\jetty-util-6.1.12.jar;C:\Users\Vineeta Pandey\.m2\repository\org\mortbay\jetty\servlet-api-2.5\6.1.12\servlet-api-2.5-6.1.12.jar;C:\Users\Vineeta Pandey\.m2\repository\org\apache\maven\mercury\mercury-crypto-basic\1.0.0-alpha-2\mercury-crypto-basic-1.0.0-alpha-2.jar;C:\Users\Vineeta Pandey\.m2\repository\bouncycastle\bcprov-jdk15\140\bcprov-jdk15-140.jar;C:\Users\Vineeta Pandey\.m2\repository\bouncycastle\bcpg-jdk15\140\bcpg-jdk15-140.jar;C:\Users\Vineeta Pandey\.m2\repository\org\apache\maven\mercury\mercury-md-shared\1.0.0-alpha-2\mercury-md-shared-1.0.0-alpha-2.jar;C:\Users\Vineeta Pandey\.m2\repository\org\apache\maven\mercury\mercury-util\1.0.0-alpha-2\mercury-util-1.0.0-alpha-2.jar;C:\Users\Vineeta Pandey\.m2\repository\org\apache\maven\mercury\mercury-repo-local-m2\1.0.0-alpha-2\mercury-repo-local-m2-1.0.0-alpha-2.jar;C:\Users\Vineeta Pandey\.m2\repository\org\apache\maven\mercury\mercury-repo-virtual\1.0.0-alpha-2\mercury-repo-virtual-1.0.0-alpha-2.jar;C:\Users\Vineeta Pandey\.m2\repository\org\apache\maven\mercury\mercury-repo-cache-fs\1.0.0-alpha-2\mercury-repo-cache-fs-1.0.0-alpha-2.jar;C:\Users\Vineeta Pandey\.m2\repository\org\apache\maven\mercury\mercury-md-sat\1.0.0-alpha-2\mercury-md-sat-1.0.0-alpha-2.jar;C:\Users\Vineeta Pandey\.m2\repository\org\sat4j\org.sat4j.core\2.0.4\org.sat4j.core-2.0.4.jar;C:\Users\Vineeta Pandey\.m2\repository\org\sat4j\org.sat4j.pb\2.0.4\org.sat4j.pb-2.0.4.jar;C:\Users\Vineeta Pandey\.m2\repository\org\apache\maven\mercury\mercury-event\1.0.0-alpha-2\mercury-event-1.0.0-alpha-2.jar;C:\Users\Vineeta Pandey\.m2\repository\org\apache\maven\mercury\mercury-logging\1.0.0-alpha-2\mercury-logging-1.0.0-alpha-2.jar;C:\Users\Vineeta Pandey\.m2\repository\org\codehaus\plexus\plexus-lang\1.1\plexus-lang-1.1.jar;C:\Users\Vineeta Pandey\.m2\repository\org\slf4j\slf4j-jdk14\1.5.3\slf4j-jdk14-1.5.3.jar;C:\Users\Vineeta Pandey\.m2\repository\org\slf4j\slf4j-api\1.5.3\slf4j-api-1.5.3.jar;C:\Users\Vineeta Pandey\.m2\repository\org\apache\maven\maven-mercury\3.0-alpha-2\maven-mercury-3.0-alpha-2.jar;C:\Users\Vineeta Pandey\.m2\repository\org\apache\maven\mercury\mercury-artifact\1.0.0-alpha-2\mercury-artifact-1.0.0-alpha-2.jar;C:\Users\Vineeta Pandey\.m2\repository\org\apache\maven\mercury\mercury-external\1.0.0-alpha-2\mercury-external-1.0.0-alpha-2.jar;C:\Users\Vineeta Pandey\.m2\repository\org\sonatype\spice\model-builder\1.3\model-builder-1.3.jar;C:\Users\Vineeta Pandey\.m2\repository\stax\stax-api\1.0.1\stax-api-1.0.1.jar;C:\Users\Vineeta Pandey\.m2\repository\org\apache\maven\maven-compat\3.0-alpha-2\maven-compat-3.0-alpha-2.jar;C:\Users\Vineeta Pandey\.m2\repository\org\apache\maven\wagon\wagon-provider-api\1.0-beta-4\wagon-provider-api-1.0-beta-4.jar;C:\Users\Vineeta Pandey\.m2\repository\org\codehaus\plexus\plexus-java\1.0.1\plexus-java-1.0.1.jar;C:\Users\Vineeta Pandey\.m2\repository\org\ow2\asm\asm\7.0-beta\asm-7.0-beta.jar;C:\Users\Vineeta Pandey\.m2\repository\com\thoughtworks\qdox\qdox\2.0-M9\qdox-2.0-M9.jar;C:\Users\Vineeta Pandey\.m2\repository\org\projectlombok\lombok\1.18.8\lombok-1.18.8.jar;C:\Users\Vineeta Pandey\.m2\repository\info\cukes\cucumber-java\1.2.5\cucumber-java-1.2.5.jar;C:\Users\Vineeta Pandey\.m2\repository\info\cukes\cucumber-core\1.2.5\cucumber-core-1.2.5.jar;C:\Users\Vineeta Pandey\.m2\repository\info\cukes\cucumber-html\0.2.3\cucumber-html-0.2.3.jar;C:\Users\Vineeta Pandey\.m2\repository\info\cukes\cucumber-jvm-deps\1.0.5\cucumber-jvm-deps-1.0.5.jar;C:\Users\Vineeta Pandey\.m2\repository\info\cukes\gherkin\2.12.2\gherkin-2.12.2.jar;C:\Users\Vineeta Pandey\.m2\repository\info\cukes\cucumber-testng\1.2.5\cucumber-testng-1.2.5.jar;C:\Users\Vineeta Pandey\.m2\repository\org\apache\logging\log4j\log4j-core\2.12.1\log4j-core-2.12.1.jar;C:\Users\Vineeta Pandey\.m2\repository\org\apache\logging\log4j\log4j-api\2.12.1\log4j-api-2.12.1.jar;"/>
    <property name="java.vm.vendor" value="Oracle Corporation"/>
    <property name="sun.arch.data.model" value="64"/>
    <property name="user.variant" value=""/>
    <property name="java.vendor.url" value="http://java.oracle.com/"/>
    <property name="user.timezone" value="Asia/Calcutta"/>
    <property name="java.vm.specification.version" value="1.8"/>
    <property name="os.name" value="Windows 10"/>
    <property name="user.country" value="IN"/>
    <property name="sun.java.launcher" value="SUN_STANDARD"/>
    <property name="sun.boot.library.path" value="C:\Program Files\Java\jdk1.8.0_121\jre\bin"/>
    <property name="sun.java.command" value="C:\Users\Vineeta Pandey\AppData\Local\Temp\surefire5261327098580104816\surefirebooter77266000278769386.jar C:\Users\Vineeta Pandey\AppData\Local\Temp\surefire5261327098580104816 2019-08-31T13-57-18_341-jvmRun1 surefire5580569314611980357tmp surefire_06201271381085183957tmp"/>
    <property name="surefire.test.class.path" value="C:\Users\Vineeta Pandey\Automation\My_Project\ReqResApi\target\test-classes;C:\Users\Vineeta Pandey\Automation\My_Project\ReqResApi\target\classes;C:\Users\Vineeta Pandey\.m2\repository\org\testng\testng\6.14.3\testng-6.14.3.jar;C:\Users\Vineeta Pandey\.m2\repository\com\beust\jcommander\1.72\jcommander-1.72.jar;C:\Users\Vineeta Pandey\.m2\repository\org\apache-extras\beanshell\bsh\2.0b6\bsh-2.0b6.jar;C:\Users\Vineeta Pandey\.m2\repository\io\rest-assured\rest-assured\3.3.0\rest-assured-3.3.0.jar;C:\Users\Vineeta Pandey\.m2\repository\org\codehaus\groovy\groovy\2.4.15\groovy-2.4.15.jar;C:\Users\Vineeta Pandey\.m2\repository\org\codehaus\groovy\groovy-xml\2.4.15\groovy-xml-2.4.15.jar;C:\Users\Vineeta Pandey\.m2\repository\org\apache\httpcomponents\httpclient\4.5.3\httpclient-4.5.3.jar;C:\Users\Vineeta Pandey\.m2\repository\org\apache\httpcomponents\httpcore\4.4.6\httpcore-4.4.6.jar;C:\Users\Vineeta Pandey\.m2\repository\commons-logging\commons-logging\1.2\commons-logging-1.2.jar;C:\Users\Vineeta Pandey\.m2\repository\commons-codec\commons-codec\1.9\commons-codec-1.9.jar;C:\Users\Vineeta Pandey\.m2\repository\org\apache\httpcomponents\httpmime\4.5.3\httpmime-4.5.3.jar;C:\Users\Vineeta Pandey\.m2\repository\org\hamcrest\hamcrest-core\1.3\hamcrest-core-1.3.jar;C:\Users\Vineeta Pandey\.m2\repository\org\hamcrest\hamcrest-library\1.3\hamcrest-library-1.3.jar;C:\Users\Vineeta Pandey\.m2\repository\org\ccil\cowan\tagsoup\tagsoup\1.2.1\tagsoup-1.2.1.jar;C:\Users\Vineeta Pandey\.m2\repository\io\rest-assured\json-path\3.3.0\json-path-3.3.0.jar;C:\Users\Vineeta Pandey\.m2\repository\org\codehaus\groovy\groovy-json\2.4.15\groovy-json-2.4.15.jar;C:\Users\Vineeta Pandey\.m2\repository\io\rest-assured\rest-assured-common\3.3.0\rest-assured-common-3.3.0.jar;C:\Users\Vineeta Pandey\.m2\repository\io\rest-assured\xml-path\3.3.0\xml-path-3.3.0.jar;C:\Users\Vineeta Pandey\.m2\repository\org\apache\commons\commons-lang3\3.4\commons-lang3-3.4.jar;C:\Users\Vineeta Pandey\.m2\repository\javax\xml\bind\jaxb-api\2.2.12\jaxb-api-2.2.12.jar;C:\Users\Vineeta Pandey\.m2\repository\com\sun\xml\bind\jaxb-osgi\2.2.10\jaxb-osgi-2.2.10.jar;C:\Users\Vineeta Pandey\.m2\repository\org\apache\sling\org.apache.sling.javax.activation\0.1.0\org.apache.sling.javax.activation-0.1.0.jar;C:\Users\Vineeta Pandey\.m2\repository\javax\activation\activation\1.1.1\activation-1.1.1.jar;C:\Users\Vineeta Pandey\.m2\repository\com\jayway\restassured\json-schema-validator\2.8.0\json-schema-validator-2.8.0.jar;C:\Users\Vineeta Pandey\.m2\repository\com\github\fge\json-schema-validator\2.2.6\json-schema-validator-2.2.6.jar;C:\Users\Vineeta Pandey\.m2\repository\com\google\code\findbugs\jsr305\3.0.0\jsr305-3.0.0.jar;C:\Users\Vineeta Pandey\.m2\repository\joda-time\joda-time\2.3\joda-time-2.3.jar;C:\Users\Vineeta Pandey\.m2\repository\com\googlecode\libphonenumber\libphonenumber\6.2\libphonenumber-6.2.jar;C:\Users\Vineeta Pandey\.m2\repository\com\github\fge\json-schema-core\1.2.5\json-schema-core-1.2.5.jar;C:\Users\Vineeta Pandey\.m2\repository\com\github\fge\uri-template\0.9\uri-template-0.9.jar;C:\Users\Vineeta Pandey\.m2\repository\com\github\fge\msg-simple\1.1\msg-simple-1.1.jar;C:\Users\Vineeta Pandey\.m2\repository\com\github\fge\btf\1.2\btf-1.2.jar;C:\Users\Vineeta Pandey\.m2\repository\com\google\guava\guava\16.0.1\guava-16.0.1.jar;C:\Users\Vineeta Pandey\.m2\repository\com\github\fge\jackson-coreutils\1.8\jackson-coreutils-1.8.jar;C:\Users\Vineeta Pandey\.m2\repository\com\fasterxml\jackson\core\jackson-databind\2.2.3\jackson-databind-2.2.3.jar;C:\Users\Vineeta Pandey\.m2\repository\com\fasterxml\jackson\core\jackson-annotations\2.2.3\jackson-annotations-2.2.3.jar;C:\Users\Vineeta Pandey\.m2\repository\com\fasterxml\jackson\core\jackson-core\2.2.3\jackson-core-2.2.3.jar;C:\Users\Vineeta Pandey\.m2\repository\org\mozilla\rhino\1.7R4\rhino-1.7R4.jar;C:\Users\Vineeta Pandey\.m2\repository\javax\mail\mailapi\1.4.3\mailapi-1.4.3.jar;C:\Users\Vineeta Pandey\.m2\repository\net\sf\jopt-simple\jopt-simple\4.6\jopt-simple-4.6.jar;C:\Users\Vineeta Pandey\.m2\repository\org\apache\maven\plugins\maven-surefire-plugin\3.0.0-M3\maven-surefire-plugin-3.0.0-M3.jar;C:\Users\Vineeta Pandey\.m2\repository\org\apache\maven\surefire\maven-surefire-common\3.0.0-M3\maven-surefire-common-3.0.0-M3.jar;C:\Users\Vineeta Pandey\.m2\repository\org\apache\maven\surefire\surefire-api\3.0.0-M3\surefire-api-3.0.0-M3.jar;C:\Users\Vineeta Pandey\.m2\repository\org\apache\maven\surefire\surefire-logger-api\3.0.0-M3\surefire-logger-api-3.0.0-M3.jar;C:\Users\Vineeta Pandey\.m2\repository\org\apache\maven\surefire\surefire-booter\3.0.0-M3\surefire-booter-3.0.0-M3.jar;C:\Users\Vineeta Pandey\.m2\repository\org\apache\maven\maven-toolchain\3.0-alpha-2\maven-toolchain-3.0-alpha-2.jar;C:\Users\Vineeta Pandey\.m2\repository\org\apache\maven\maven-core\3.0-alpha-2\maven-core-3.0-alpha-2.jar;C:\Users\Vineeta Pandey\.m2\repository\org\apache\maven\maven-lifecycle\3.0-alpha-2\maven-lifecycle-3.0-alpha-2.jar;C:\Users\Vineeta Pandey\.m2\repository\org\apache\maven\maven-reporting-api\3.0-alpha-2\maven-reporting-api-3.0-alpha-2.jar;C:\Users\Vineeta Pandey\.m2\repository\org\apache\maven\doxia\doxia-sink-api\1.0-alpha-9\doxia-sink-api-1.0-alpha-9.jar;C:\Users\Vineeta Pandey\.m2\repository\org\apache\maven\maven-model\3.0-alpha-2\maven-model-3.0-alpha-2.jar;C:\Users\Vineeta Pandey\.m2\repository\org\apache\maven\maven-plugin-api\3.0-alpha-2\maven-plugin-api-3.0-alpha-2.jar;C:\Users\Vineeta Pandey\.m2\repository\org\codehaus\plexus\plexus-container-default\1.0-beta-3.0.5\plexus-container-default-1.0-beta-3.0.5.jar;C:\Users\Vineeta Pandey\.m2\repository\org\apache\xbean\xbean-reflect\3.4\xbean-reflect-3.4.jar;C:\Users\Vineeta Pandey\.m2\repository\log4j\log4j\1.2.12\log4j-1.2.12.jar;C:\Users\Vineeta Pandey\.m2\repository\commons-logging\commons-logging-api\1.1\commons-logging-api-1.1.jar;C:\Users\Vineeta Pandey\.m2\repository\com\google\code\google-collections\google-collect\snapshot-20080530\google-collect-snapshot-20080530.jar;C:\Users\Vineeta Pandey\.m2\repository\junit\junit\3.8.2\junit-3.8.2.jar;C:\Users\Vineeta Pandey\.m2\repository\org\apache\maven\maven-project\3.0-alpha-2\maven-project-3.0-alpha-2.jar;C:\Users\Vineeta Pandey\.m2\repository\org\codehaus\woodstox\wstx-asl\3.2.6\wstx-asl-3.2.6.jar;C:\Users\Vineeta Pandey\.m2\repository\org\apache\maven\maven-project-builder\3.0-alpha-2\maven-project-builder-3.0-alpha-2.jar;C:\Users\Vineeta Pandey\.m2\repository\commons-cli\commons-cli\1.0\commons-cli-1.0.jar;C:\Users\Vineeta Pandey\.m2\repository\org\codehaus\plexus\plexus-interactivity-api\1.0-alpha-6\plexus-interactivity-api-1.0-alpha-6.jar;C:\Users\Vineeta Pandey\.m2\repository\org\codehaus\plexus\plexus-interpolation\1.1\plexus-interpolation-1.1.jar;C:\Users\Vineeta Pandey\.m2\repository\org\codehaus\plexus\plexus-utils\1.5.6\plexus-utils-1.5.6.jar;C:\Users\Vineeta Pandey\.m2\repository\org\codehaus\plexus\plexus-classworlds\1.3\plexus-classworlds-1.3.jar;C:\Users\Vineeta Pandey\.m2\repository\org\codehaus\plexus\plexus-component-annotations\1.0-beta-3.0.5\plexus-component-annotations-1.0-beta-3.0.5.jar;C:\Users\Vineeta Pandey\.m2\repository\org\sonatype\plexus\plexus-plugin-manager\1.0-alpha-1\plexus-plugin-manager-1.0-alpha-1.jar;C:\Users\Vineeta Pandey\.m2\repository\org\apache\maven\mercury\mercury-plexus\1.0.0-alpha-2\mercury-plexus-1.0.0-alpha-2.jar;C:\Users\Vineeta Pandey\.m2\repository\org\apache\maven\mercury\mercury-repo-remote-m2\1.0.0-alpha-2\mercury-repo-remote-m2-1.0.0-alpha-2.jar;C:\Users\Vineeta Pandey\.m2\repository\org\apache\maven\mercury\mercury-repo-api\1.0.0-alpha-2\mercury-repo-api-1.0.0-alpha-2.jar;C:\Users\Vineeta Pandey\.m2\repository\org\apache\maven\mercury\mercury-transport-api\1.0.0-alpha-2\mercury-transport-api-1.0.0-alpha-2.jar;C:\Users\Vineeta Pandey\.m2\repository\org\apache\maven\mercury\mercury-crypto-api\1.0.0-alpha-2\mercury-crypto-api-1.0.0-alpha-2.jar;C:\Users\Vineeta Pandey\.m2\repository\org\apache\maven\mercury\mercury-transport-http\1.0.0-alpha-2\mercury-transport-http-1.0.0-alpha-2.jar;C:\Users\Vineeta Pandey\.m2\repository\org\mortbay\jetty\jetty-client\6.1.12\jetty-client-6.1.12.jar;C:\Users\Vineeta Pandey\.m2\repository\org\mortbay\jetty\jetty-sslengine\6.1.12\jetty-sslengine-6.1.12.jar;C:\Users\Vineeta Pandey\.m2\repository\org\mortbay\jetty\jetty\6.1.12\jetty-6.1.12.jar;C:\Users\Vineeta Pandey\.m2\repository\org\mortbay\jetty\jetty-util\6.1.12\jetty-util-6.1.12.jar;C:\Users\Vineeta Pandey\.m2\repository\org\mortbay\jetty\servlet-api-2.5\6.1.12\servlet-api-2.5-6.1.12.jar;C:\Users\Vineeta Pandey\.m2\repository\org\apache\maven\mercury\mercury-crypto-basic\1.0.0-alpha-2\mercury-crypto-basic-1.0.0-alpha-2.jar;C:\Users\Vineeta Pandey\.m2\repository\bouncycastle\bcprov-jdk15\140\bcprov-jdk15-140.jar;C:\Users\Vineeta Pandey\.m2\repository\bouncycastle\bcpg-jdk15\140\bcpg-jdk15-140.jar;C:\Users\Vineeta Pandey\.m2\repository\org\apache\maven\mercury\mercury-md-shared\1.0.0-alpha-2\mercury-md-shared-1.0.0-alpha-2.jar;C:\Users\Vineeta Pandey\.m2\repository\org\apache\maven\mercury\mercury-util\1.0.0-alpha-2\mercury-util-1.0.0-alpha-2.jar;C:\Users\Vineeta Pandey\.m2\repository\org\apache\maven\mercury\mercury-repo-local-m2\1.0.0-alpha-2\mercury-repo-local-m2-1.0.0-alpha-2.jar;C:\Users\Vineeta Pandey\.m2\repository\org\apache\maven\mercury\mercury-repo-virtual\1.0.0-alpha-2\mercury-repo-virtual-1.0.0-alpha-2.jar;C:\Users\Vineeta Pandey\.m2\repository\org\apache\maven\mercury\mercury-repo-cache-fs\1.0.0-alpha-2\mercury-repo-cache-fs-1.0.0-alpha-2.jar;C:\Users\Vineeta Pandey\.m2\repository\org\apache\maven\mercury\mercury-md-sat\1.0.0-alpha-2\mercury-md-sat-1.0.0-alpha-2.jar;C:\Users\Vineeta Pandey\.m2\repository\org\sat4j\org.sat4j.core\2.0.4\org.sat4j.core-2.0.4.jar;C:\Users\Vineeta Pandey\.m2\repository\org\sat4j\org.sat4j.pb\2.0.4\org.sat4j.pb-2.0.4.jar;C:\Users\Vineeta Pandey\.m2\repository\org\apache\maven\mercury\mercury-event\1.0.0-alpha-2\mercury-event-1.0.0-alpha-2.jar;C:\Users\Vineeta Pandey\.m2\repository\org\apache\maven\mercury\mercury-logging\1.0.0-alpha-2\mercury-logging-1.0.0-alpha-2.jar;C:\Users\Vineeta Pandey\.m2\repository\org\codehaus\plexus\plexus-lang\1.1\plexus-lang-1.1.jar;C:\Users\Vineeta Pandey\.m2\repository\org\slf4j\slf4j-jdk14\1.5.3\slf4j-jdk14-1.5.3.jar;C:\Users\Vineeta Pandey\.m2\repository\org\slf4j\slf4j-api\1.5.3\slf4j-api-1.5.3.jar;C:\Users\Vineeta Pandey\.m2\repository\org\apache\maven\maven-mercury\3.0-alpha-2\maven-mercury-3.0-alpha-2.jar;C:\Users\Vineeta Pandey\.m2\repository\org\apache\maven\mercury\mercury-artifact\1.0.0-alpha-2\mercury-artifact-1.0.0-alpha-2.jar;C:\Users\Vineeta Pandey\.m2\repository\org\apache\maven\mercury\mercury-external\1.0.0-alpha-2\mercury-external-1.0.0-alpha-2.jar;C:\Users\Vineeta Pandey\.m2\repository\org\sonatype\spice\model-builder\1.3\model-builder-1.3.jar;C:\Users\Vineeta Pandey\.m2\repository\stax\stax-api\1.0.1\stax-api-1.0.1.jar;C:\Users\Vineeta Pandey\.m2\repository\org\apache\maven\maven-compat\3.0-alpha-2\maven-compat-3.0-alpha-2.jar;C:\Users\Vineeta Pandey\.m2\repository\org\apache\maven\wagon\wagon-provider-api\1.0-beta-4\wagon-provider-api-1.0-beta-4.jar;C:\Users\Vineeta Pandey\.m2\repository\org\codehaus\plexus\plexus-java\1.0.1\plexus-java-1.0.1.jar;C:\Users\Vineeta Pandey\.m2\repository\org\ow2\asm\asm\7.0-beta\asm-7.0-beta.jar;C:\Users\Vineeta Pandey\.m2\repository\com\thoughtworks\qdox\qdox\2.0-M9\qdox-2.0-M9.jar;C:\Users\Vineeta Pandey\.m2\repository\org\projectlombok\lombok\1.18.8\lombok-1.18.8.jar;C:\Users\Vineeta Pandey\.m2\repository\info\cukes\cucumber-java\1.2.5\cucumber-java-1.2.5.jar;C:\Users\Vineeta Pandey\.m2\repository\info\cukes\cucumber-core\1.2.5\cucumber-core-1.2.5.jar;C:\Users\Vineeta Pandey\.m2\repository\info\cukes\cucumber-html\0.2.3\cucumber-html-0.2.3.jar;C:\Users\Vineeta Pandey\.m2\repository\info\cukes\cucumber-jvm-deps\1.0.5\cucumber-jvm-deps-1.0.5.jar;C:\Users\Vineeta Pandey\.m2\repository\info\cukes\gherkin\2.12.2\gherkin-2.12.2.jar;C:\Users\Vineeta Pandey\.m2\repository\info\cukes\cucumber-testng\1.2.5\cucumber-testng-1.2.5.jar;C:\Users\Vineeta Pandey\.m2\repository\org\apache\logging\log4j\log4j-core\2.12.1\log4j-core-2.12.1.jar;C:\Users\Vineeta Pandey\.m2\repository\org\apache\logging\log4j\log4j-api\2.12.1\log4j-api-2.12.1.jar;"/>
    <property name="sun.cpu.endian" value="little"/>
    <property name="user.home" value="C:\Users\Vineeta Pandey"/>
    <property name="user.language" value="en"/>
    <property name="java.specification.vendor" value="Oracle Corporation"/>
    <property name="java.home" value="C:\Program Files\Java\jdk1.8.0_121\jre"/>
    <property name="basedir" value="C:\Users\Vineeta Pandey\Automation\My_Project\ReqResApi"/>
    <property name="file.separator" value="\"/>
    <property name="line.separator" value="&#10;"/>
    <property name="java.vm.specification.vendor" value="Oracle Corporation"/>
    <property name="java.specification.name" value="Java Platform API Specification"/>
    <property name="java.awt.graphicsenv" value="sun.awt.Win32GraphicsEnvironment"/>
    <property name="surefire.real.class.path" value="C:\Users\Vineeta Pandey\AppData\Local\Temp\surefire5261327098580104816\surefirebooter77266000278769386.jar"/>
    <property name="sun.boot.class.path" value="C:\Program Files\Java\jdk1.8.0_121\jre\lib\resources.jar;C:\Program Files\Java\jdk1.8.0_121\jre\lib\rt.jar;C:\Program Files\Java\jdk1.8.0_121\jre\lib\sunrsasign.jar;C:\Program Files\Java\jdk1.8.0_121\jre\lib\jsse.jar;C:\Program Files\Java\jdk1.8.0_121\jre\lib\jce.jar;C:\Program Files\Java\jdk1.8.0_121\jre\lib\charsets.jar;C:\Program Files\Java\jdk1.8.0_121\jre\lib\jfr.jar;C:\Program Files\Java\jdk1.8.0_121\jre\classes"/>
    <property name="user.script" value=""/>
    <property name="sun.management.compiler" value="HotSpot 64-Bit Tiered Compilers"/>
    <property name="java.runtime.version" value="1.8.0_121-b13"/>
    <property name="user.name" value="Vineeta Pandey"/>
    <property name="path.separator" value=";"/>
    <property name="os.version" value="10.0"/>
    <property name="java.endorsed.dirs" value="C:\Program Files\Java\jdk1.8.0_121\jre\lib\endorsed"/>
    <property name="java.runtime.name" value="Java(TM) SE Runtime Environment"/>
    <property name="file.encoding" value="Cp1252"/>
    <property name="java.vm.name" value="Java HotSpot(TM) 64-Bit Server VM"/>
    <property name="localRepository" value="C:\Users\Vineeta Pandey\.m2\repository"/>
    <property name="java.vendor.url.bug" value="http://bugreport.sun.com/bugreport/"/>
    <property name="java.io.tmpdir" value="C:\Users\VINEET~1\AppData\Local\Temp\"/>
    <property name="java.version" value="1.8.0_121"/>
    <property name="user.dir" value="C:\Users\Vineeta Pandey\Automation\My_Project\ReqResApi"/>
    <property name="os.arch" value="amd64"/>
    <property name="java.vm.specification.name" value="Java Virtual Machine Specification"/>
    <property name="java.awt.printerjob" value="sun.awt.windows.WPrinterJob"/>
    <property name="sun.os.patch.level" value=""/>
    <property name="java.library.path" value="C:\Program Files\Java\jdk1.8.0_121\jre\bin;C:\WINDOWS\Sun\Java\bin;C:\WINDOWS\system32;C:\WINDOWS;C:\ProgramData\Oracle\Java\javapath;C:\Program Files (x86)\Intel\iCLS Client\;C:\Program Files\Intel\iCLS Client\;C:\windows\system32;C:\windows;C:\windows\System32\Wbem;C:\windows\System32\WindowsPowerShell\v1.0\;C:\Program Files (x86)\Intel\Intel(R) Management Engine Components\DAL;C:\Program Files\Intel\Intel(R) Management Engine Components\DAL;C:\Program Files (x86)\Intel\Intel(R) Management Engine Components\IPT;C:\Program Files\Intel\Intel(R) Management Engine Components\IPT;C:\Program Files (x86)\NVIDIA Corporation\PhysX\Common;C:\Program Files\Java\jdk1.8.0_121\bin;C:\WINDOWS\system32;C:\WINDOWS;C:\WINDOWS\System32\Wbem;C:\WINDOWS\System32\WindowsPowerShell\v1.0\;C:\Vineeta\Maven\apache-maven-3.5.3-bin\apache-maven-3.5.3\bin;C:\Program Files\Java\jdk1.8.0_121\bin;C:\WINDOWS\System32\OpenSSH\;C:\Program Files\VisualSVN Server\bin;C:\Program Files\TortoiseSVN\bin;C:\Program Files\Intel\WiFi\bin\;C:\Program Files\Common Files\Intel\WirelessCommon\;C:\Program Files\Git\cmd;C:\Program Files\Git\mingw64\bin;C:\Program Files\Git\usr\bin;C:\Anaconda3;C:\Anaconda3\Scripts;C:\Anaconda3\Library\bin;C:\Users\Vineeta Pandey\AppData\Local\Microsoft\WindowsApps;C:\Users\Vineeta Pandey\AppData\Local\Programs\Microsoft VS Code\bin;."/>
    <property name="java.vm.info" value="mixed mode"/>
    <property name="java.vendor" value="Oracle Corporation"/>
    <property name="java.vm.version" value="25.121-b13"/>
    <property name="java.ext.dirs" value="C:\Program Files\Java\jdk1.8.0_121\jre\lib\ext;C:\WINDOWS\Sun\Java\lib\ext"/>
    <property name="sun.io.unicode.encoding" value="UnicodeLittle"/>
    <property name="java.class.version" value="52.0"/>
  </properties>
  <testcase name="feature" classname="Runner" time="5.819"/>
  <testcase name="feature" classname="Runner" time="0.254"/>
  <testcase name="feature" classname="Runner" time="2.622"/>
</testsuite>