<?xml version="1.0" encoding="UTF-8"?>
<testsuite xmlns:xsi="http://www.w3.org/2001/XMLSchema-instance" xsi:noNamespaceSchemaLocation="https://maven.apache.org/surefire/maven-surefire-plugin/xsd/surefire-test-report-3.0.xsd" version="3.0" name="TestSuite" time="14.111" tests="3" errors="0" skipped="0" failures="1">
  <properties>
    <property name="awt.toolkit" value="sun.awt.X11.XToolkit"/>
    <property name="java.specification.version" value="11"/>
    <property name="sun.cpu.isalist" value=""/>
    <property name="sun.jnu.encoding" value="UTF-8"/>
    <property name="java.class.path" value="/home/vinita/Documents/Automation/restapi/target/test-classes:/home/vinita/Documents/Automation/restapi/target/classes:/home/vinita/.m2/repository/org/testng/testng/6.14.3/testng-6.14.3.jar:/home/vinita/.m2/repository/com/beust/jcommander/1.72/jcommander-1.72.jar:/home/vinita/.m2/repository/org/apache-extras/beanshell/bsh/2.0b6/bsh-2.0b6.jar:/home/vinita/.m2/repository/io/rest-assured/rest-assured/3.3.0/rest-assured-3.3.0.jar:/home/vinita/.m2/repository/org/codehaus/groovy/groovy/2.4.15/groovy-2.4.15.jar:/home/vinita/.m2/repository/org/codehaus/groovy/groovy-xml/2.4.15/groovy-xml-2.4.15.jar:/home/vinita/.m2/repository/org/apache/httpcomponents/httpclient/4.5.3/httpclient-4.5.3.jar:/home/vinita/.m2/repository/org/apache/httpcomponents/httpcore/4.4.6/httpcore-4.4.6.jar:/home/vinita/.m2/repository/commons-logging/commons-logging/1.2/commons-logging-1.2.jar:/home/vinita/.m2/repository/commons-codec/commons-codec/1.9/commons-codec-1.9.jar:/home/vinita/.m2/repository/org/apache/httpcomponents/httpmime/4.5.3/httpmime-4.5.3.jar:/home/vinita/.m2/repository/org/hamcrest/hamcrest-core/1.3/hamcrest-core-1.3.jar:/home/vinita/.m2/repository/org/hamcrest/hamcrest-library/1.3/hamcrest-library-1.3.jar:/home/vinita/.m2/repository/org/ccil/cowan/tagsoup/tagsoup/1.2.1/tagsoup-1.2.1.jar:/home/vinita/.m2/repository/io/rest-assured/json-path/3.3.0/json-path-3.3.0.jar:/home/vinita/.m2/repository/org/codehaus/groovy/groovy-json/2.4.15/groovy-json-2.4.15.jar:/home/vinita/.m2/repository/io/rest-assured/rest-assured-common/3.3.0/rest-assured-common-3.3.0.jar:/home/vinita/.m2/repository/io/rest-assured/xml-path/3.3.0/xml-path-3.3.0.jar:/home/vinita/.m2/repository/org/apache/commons/commons-lang3/3.4/commons-lang3-3.4.jar:/home/vinita/.m2/repository/javax/xml/bind/jaxb-api/2.2.12/jaxb-api-2.2.12.jar:/home/vinita/.m2/repository/com/sun/xml/bind/jaxb-osgi/2.2.10/jaxb-osgi-2.2.10.jar:/home/vinita/.m2/repository/org/apache/sling/org.apache.sling.javax.activation/0.1.0/org.apache.sling.javax.activation-0.1.0.jar:/home/vinita/.m2/repository/javax/activation/activation/1.1.1/activation-1.1.1.jar:/home/vinita/.m2/repository/com/jayway/restassured/json-schema-validator/2.8.0/json-schema-validator-2.8.0.jar:/home/vinita/.m2/repository/com/github/fge/json-schema-validator/2.2.6/json-schema-validator-2.2.6.jar:/home/vinita/.m2/repository/com/google/code/findbugs/jsr305/3.0.0/jsr305-3.0.0.jar:/home/vinita/.m2/repository/joda-time/joda-time/2.3/joda-time-2.3.jar:/home/vinita/.m2/repository/com/googlecode/libphonenumber/libphonenumber/6.2/libphonenumber-6.2.jar:/home/vinita/.m2/repository/com/github/fge/json-schema-core/1.2.5/json-schema-core-1.2.5.jar:/home/vinita/.m2/repository/com/github/fge/uri-template/0.9/uri-template-0.9.jar:/home/vinita/.m2/repository/com/github/fge/msg-simple/1.1/msg-simple-1.1.jar:/home/vinita/.m2/repository/com/github/fge/btf/1.2/btf-1.2.jar:/home/vinita/.m2/repository/com/google/guava/guava/16.0.1/guava-16.0.1.jar:/home/vinita/.m2/repository/com/github/fge/jackson-coreutils/1.8/jackson-coreutils-1.8.jar:/home/vinita/.m2/repository/com/fasterxml/jackson/core/jackson-databind/2.2.3/jackson-databind-2.2.3.jar:/home/vinita/.m2/repository/com/fasterxml/jackson/core/jackson-annotations/2.2.3/jackson-annotations-2.2.3.jar:/home/vinita/.m2/repository/com/fasterxml/jackson/core/jackson-core/2.2.3/jackson-core-2.2.3.jar:/home/vinita/.m2/repository/org/mozilla/rhino/1.7R4/rhino-1.7R4.jar:/home/vinita/.m2/repository/javax/mail/mailapi/1.4.3/mailapi-1.4.3.jar:/home/vinita/.m2/repository/net/sf/jopt-simple/jopt-simple/4.6/jopt-simple-4.6.jar:/home/vinita/.m2/repository/org/apache/maven/plugins/maven-surefire-plugin/3.0.0-M3/maven-surefire-plugin-3.0.0-M3.jar:/home/vinita/.m2/repository/org/apache/maven/surefire/maven-surefire-common/3.0.0-M3/maven-surefire-common-3.0.0-M3.jar:/home/vinita/.m2/repository/org/apache/maven/surefire/surefire-api/3.0.0-M3/surefire-api-3.0.0-M3.jar:/home/vinita/.m2/repository/org/apache/maven/surefire/surefire-logger-api/3.0.0-M3/surefire-logger-api-3.0.0-M3.jar:/home/vinita/.m2/repository/org/apache/maven/surefire/surefire-booter/3.0.0-M3/surefire-booter-3.0.0-M3.jar:/home/vinita/.m2/repository/org/apache/maven/maven-toolchain/3.0-alpha-2/maven-toolchain-3.0-alpha-2.jar:/home/vinita/.m2/repository/org/apache/maven/maven-core/3.0-alpha-2/maven-core-3.0-alpha-2.jar:/home/vinita/.m2/repository/org/apache/maven/maven-lifecycle/3.0-alpha-2/maven-lifecycle-3.0-alpha-2.jar:/home/vinita/.m2/repository/org/apache/maven/maven-reporting-api/3.0-alpha-2/maven-reporting-api-3.0-alpha-2.jar:/home/vinita/.m2/repository/org/apache/maven/doxia/doxia-sink-api/1.0-alpha-9/doxia-sink-api-1.0-alpha-9.jar:/home/vinita/.m2/repository/org/apache/maven/maven-model/3.0-alpha-2/maven-model-3.0-alpha-2.jar:/home/vinita/.m2/repository/org/apache/maven/maven-plugin-api/3.0-alpha-2/maven-plugin-api-3.0-alpha-2.jar:/home/vinita/.m2/repository/org/codehaus/plexus/plexus-container-default/1.0-beta-3.0.5/plexus-container-default-1.0-beta-3.0.5.jar:/home/vinita/.m2/repository/org/apache/xbean/xbean-reflect/3.4/xbean-reflect-3.4.jar:/home/vinita/.m2/repository/log4j/log4j/1.2.12/log4j-1.2.12.jar:/home/vinita/.m2/repository/commons-logging/commons-logging-api/1.1/commons-logging-api-1.1.jar:/home/vinita/.m2/repository/com/google/code/google-collections/google-collect/snapshot-20080530/google-collect-snapshot-20080530.jar:/home/vinita/.m2/repository/junit/junit/3.8.2/junit-3.8.2.jar:/home/vinita/.m2/repository/org/apache/maven/maven-project/3.0-alpha-2/maven-project-3.0-alpha-2.jar:/home/vinita/.m2/repository/org/codehaus/woodstox/wstx-asl/3.2.6/wstx-asl-3.2.6.jar:/home/vinita/.m2/repository/org/apache/maven/maven-project-builder/3.0-alpha-2/maven-project-builder-3.0-alpha-2.jar:/home/vinita/.m2/repository/commons-cli/commons-cli/1.0/commons-cli-1.0.jar:/home/vinita/.m2/repository/org/codehaus/plexus/plexus-interactivity-api/1.0-alpha-6/plexus-interactivity-api-1.0-alpha-6.jar:/home/vinita/.m2/repository/org/codehaus/plexus/plexus-interpolation/1.1/plexus-interpolation-1.1.jar:/home/vinita/.m2/repository/org/codehaus/plexus/plexus-utils/1.5.6/plexus-utils-1.5.6.jar:/home/vinita/.m2/repository/org/codehaus/plexus/plexus-classworlds/1.3/plexus-classworlds-1.3.jar:/home/vinita/.m2/repository/org/codehaus/plexus/plexus-component-annotations/1.0-beta-3.0.5/plexus-component-annotations-1.0-beta-3.0.5.jar:/home/vinita/.m2/repository/org/sonatype/plexus/plexus-plugin-manager/1.0-alpha-1/plexus-plugin-manager-1.0-alpha-1.jar:/home/vinita/.m2/repository/org/apache/maven/mercury/mercury-plexus/1.0.0-alpha-2/mercury-plexus-1.0.0-alpha-2.jar:/home/vinita/.m2/repository/org/apache/maven/mercury/mercury-repo-remote-m2/1.0.0-alpha-2/mercury-repo-remote-m2-1.0.0-alpha-2.jar:/home/vinita/.m2/repository/org/apache/maven/mercury/mercury-repo-api/1.0.0-alpha-2/mercury-repo-api-1.0.0-alpha-2.jar:/home/vinita/.m2/repository/org/apache/maven/mercury/mercury-transport-api/1.0.0-alpha-2/mercury-transport-api-1.0.0-alpha-2.jar:/home/vinita/.m2/repository/org/apache/maven/mercury/mercury-crypto-api/1.0.0-alpha-2/mercury-crypto-api-1.0.0-alpha-2.jar:/home/vinita/.m2/repository/org/apache/maven/mercury/mercury-transport-http/1.0.0-alpha-2/mercury-transport-http-1.0.0-alpha-2.jar:/home/vinita/.m2/repository/org/mortbay/jetty/jetty-client/6.1.12/jetty-client-6.1.12.jar:/home/vinita/.m2/repository/org/mortbay/jetty/jetty-sslengine/6.1.12/jetty-sslengine-6.1.12.jar:/home/vinita/.m2/repository/org/mortbay/jetty/jetty/6.1.12/jetty-6.1.12.jar:/home/vinita/.m2/repository/org/mortbay/jetty/jetty-util/6.1.12/jetty-util-6.1.12.jar:/home/vinita/.m2/repository/org/mortbay/jetty/servlet-api-2.5/6.1.12/servlet-api-2.5-6.1.12.jar:/home/vinita/.m2/repository/org/apache/maven/mercury/mercury-crypto-basic/1.0.0-alpha-2/mercury-crypto-basic-1.0.0-alpha-2.jar:/home/vinita/.m2/repository/bouncycastle/bcprov-jdk15/140/bcprov-jdk15-140.jar:/home/vinita/.m2/repository/bouncycastle/bcpg-jdk15/140/bcpg-jdk15-140.jar:/home/vinita/.m2/repository/org/apache/maven/mercury/mercury-md-shared/1.0.0-alpha-2/mercury-md-shared-1.0.0-alpha-2.jar:/home/vinita/.m2/repository/org/apache/maven/mercury/mercury-util/1.0.0-alpha-2/mercury-util-1.0.0-alpha-2.jar:/home/vinita/.m2/repository/org/apache/maven/mercury/mercury-repo-local-m2/1.0.0-alpha-2/mercury-repo-local-m2-1.0.0-alpha-2.jar:/home/vinita/.m2/repository/org/apache/maven/mercury/mercury-repo-virtual/1.0.0-alpha-2/mercury-repo-virtual-1.0.0-alpha-2.jar:/home/vinita/.m2/repository/org/apache/maven/mercury/mercury-repo-cache-fs/1.0.0-alpha-2/mercury-repo-cache-fs-1.0.0-alpha-2.jar:/home/vinita/.m2/repository/org/apache/maven/mercury/mercury-md-sat/1.0.0-alpha-2/mercury-md-sat-1.0.0-alpha-2.jar:/home/vinita/.m2/repository/org/sat4j/org.sat4j.core/2.0.4/org.sat4j.core-2.0.4.jar:/home/vinita/.m2/repository/org/sat4j/org.sat4j.pb/2.0.4/org.sat4j.pb-2.0.4.jar:/home/vinita/.m2/repository/org/apache/maven/mercury/mercury-event/1.0.0-alpha-2/mercury-event-1.0.0-alpha-2.jar:/home/vinita/.m2/repository/org/apache/maven/mercury/mercury-logging/1.0.0-alpha-2/mercury-logging-1.0.0-alpha-2.jar:/home/vinita/.m2/repository/org/codehaus/plexus/plexus-lang/1.1/plexus-lang-1.1.jar:/home/vinita/.m2/repository/org/slf4j/slf4j-jdk14/1.5.3/slf4j-jdk14-1.5.3.jar:/home/vinita/.m2/repository/org/slf4j/slf4j-api/1.5.3/slf4j-api-1.5.3.jar:/home/vinita/.m2/repository/org/apache/maven/maven-mercury/3.0-alpha-2/maven-mercury-3.0-alpha-2.jar:/home/vinita/.m2/repository/org/apache/maven/mercury/mercury-artifact/1.0.0-alpha-2/mercury-artifact-1.0.0-alpha-2.jar:/home/vinita/.m2/repository/org/apache/maven/mercury/mercury-external/1.0.0-alpha-2/mercury-external-1.0.0-alpha-2.jar:/home/vinita/.m2/repository/org/sonatype/spice/model-builder/1.3/model-builder-1.3.jar:/home/vinita/.m2/repository/stax/stax-api/1.0.1/stax-api-1.0.1.jar:/home/vinita/.m2/repository/org/apache/maven/maven-compat/3.0-alpha-2/maven-compat-3.0-alpha-2.jar:/home/vinita/.m2/repository/org/apache/maven/wagon/wagon-provider-api/1.0-beta-4/wagon-provider-api-1.0-beta-4.jar:/home/vinita/.m2/repository/org/codehaus/plexus/plexus-java/1.0.1/plexus-java-1.0.1.jar:/home/vinita/.m2/repository/org/ow2/asm/asm/7.0-beta/asm-7.0-beta.jar:/home/vinita/.m2/repository/com/thoughtworks/qdox/qdox/2.0-M9/qdox-2.0-M9.jar:/home/vinita/.m2/repository/org/projectlombok/lombok/1.18.8/lombok-1.18.8.jar:/home/vinita/.m2/repository/info/cukes/cucumber-java/1.2.5/cucumber-java-1.2.5.jar:/home/vinita/.m2/repository/info/cukes/cucumber-core/1.2.5/cucumber-core-1.2.5.jar:/home/vinita/.m2/repository/info/cukes/cucumber-html/0.2.3/cucumber-html-0.2.3.jar:/home/vinita/.m2/repository/info/cukes/cucumber-jvm-deps/1.0.5/cucumber-jvm-deps-1.0.5.jar:/home/vinita/.m2/repository/info/cukes/gherkin/2.12.2/gherkin-2.12.2.jar:/home/vinita/.m2/repository/info/cukes/cucumber-testng/1.2.5/cucumber-testng-1.2.5.jar:/home/vinita/.m2/repository/org/apache/logging/log4j/log4j-core/2.12.1/log4j-core-2.12.1.jar:/home/vinita/.m2/repository/org/apache/logging/log4j/log4j-api/2.12.1/log4j-api-2.12.1.jar:"/>
    <property name="java.vm.vendor" value="Ubuntu"/>
    <property name="sun.arch.data.model" value="64"/>
    <property name="java.vendor.url" value="https://ubuntu.com/"/>
    <property name="user.timezone" value=""/>
    <property name="java.vm.specification.version" value="11"/>
    <property name="os.name" value="Linux"/>
    <property name="sun.java.launcher" value="SUN_STANDARD"/>
    <property name="user.country" value="US"/>
    <property name="sun.boot.library.path" value="/usr/lib/jvm/java-11-openjdk-amd64/lib"/>
    <property name="sun.java.command" value="/home/vinita/Documents/Automation/restapi/target/surefire/surefirebooter13349492402113593050.jar /home/vinita/Documents/Automation/restapi/target/surefire 2019-09-01T12-38-53_266-jvmRun1 surefire18106300702226777876tmp surefire_014300852819136422643tmp"/>
    <property name="jdk.debug" value="release"/>
    <property name="surefire.test.class.path" value="/home/vinita/Documents/Automation/restapi/target/test-classes:/home/vinita/Documents/Automation/restapi/target/classes:/home/vinita/.m2/repository/org/testng/testng/6.14.3/testng-6.14.3.jar:/home/vinita/.m2/repository/com/beust/jcommander/1.72/jcommander-1.72.jar:/home/vinita/.m2/repository/org/apache-extras/beanshell/bsh/2.0b6/bsh-2.0b6.jar:/home/vinita/.m2/repository/io/rest-assured/rest-assured/3.3.0/rest-assured-3.3.0.jar:/home/vinita/.m2/repository/org/codehaus/groovy/groovy/2.4.15/groovy-2.4.15.jar:/home/vinita/.m2/repository/org/codehaus/groovy/groovy-xml/2.4.15/groovy-xml-2.4.15.jar:/home/vinita/.m2/repository/org/apache/httpcomponents/httpclient/4.5.3/httpclient-4.5.3.jar:/home/vinita/.m2/repository/org/apache/httpcomponents/httpcore/4.4.6/httpcore-4.4.6.jar:/home/vinita/.m2/repository/commons-logging/commons-logging/1.2/commons-logging-1.2.jar:/home/vinita/.m2/repository/commons-codec/commons-codec/1.9/commons-codec-1.9.jar:/home/vinita/.m2/repository/org/apache/httpcomponents/httpmime/4.5.3/httpmime-4.5.3.jar:/home/vinita/.m2/repository/org/hamcrest/hamcrest-core/1.3/hamcrest-core-1.3.jar:/home/vinita/.m2/repository/org/hamcrest/hamcrest-library/1.3/hamcrest-library-1.3.jar:/home/vinita/.m2/repository/org/ccil/cowan/tagsoup/tagsoup/1.2.1/tagsoup-1.2.1.jar:/home/vinita/.m2/repository/io/rest-assured/json-path/3.3.0/json-path-3.3.0.jar:/home/vinita/.m2/repository/org/codehaus/groovy/groovy-json/2.4.15/groovy-json-2.4.15.jar:/home/vinita/.m2/repository/io/rest-assured/rest-assured-common/3.3.0/rest-assured-common-3.3.0.jar:/home/vinita/.m2/repository/io/rest-assured/xml-path/3.3.0/xml-path-3.3.0.jar:/home/vinita/.m2/repository/org/apache/commons/commons-lang3/3.4/commons-lang3-3.4.jar:/home/vinita/.m2/repository/javax/xml/bind/jaxb-api/2.2.12/jaxb-api-2.2.12.jar:/home/vinita/.m2/repository/com/sun/xml/bind/jaxb-osgi/2.2.10/jaxb-osgi-2.2.10.jar:/home/vinita/.m2/repository/org/apache/sling/org.apache.sling.javax.activation/0.1.0/org.apache.sling.javax.activation-0.1.0.jar:/home/vinita/.m2/repository/javax/activation/activation/1.1.1/activation-1.1.1.jar:/home/vinita/.m2/repository/com/jayway/restassured/json-schema-validator/2.8.0/json-schema-validator-2.8.0.jar:/home/vinita/.m2/repository/com/github/fge/json-schema-validator/2.2.6/json-schema-validator-2.2.6.jar:/home/vinita/.m2/repository/com/google/code/findbugs/jsr305/3.0.0/jsr305-3.0.0.jar:/home/vinita/.m2/repository/joda-time/joda-time/2.3/joda-time-2.3.jar:/home/vinita/.m2/repository/com/googlecode/libphonenumber/libphonenumber/6.2/libphonenumber-6.2.jar:/home/vinita/.m2/repository/com/github/fge/json-schema-core/1.2.5/json-schema-core-1.2.5.jar:/home/vinita/.m2/repository/com/github/fge/uri-template/0.9/uri-template-0.9.jar:/home/vinita/.m2/repository/com/github/fge/msg-simple/1.1/msg-simple-1.1.jar:/home/vinita/.m2/repository/com/github/fge/btf/1.2/btf-1.2.jar:/home/vinita/.m2/repository/com/google/guava/guava/16.0.1/guava-16.0.1.jar:/home/vinita/.m2/repository/com/github/fge/jackson-coreutils/1.8/jackson-coreutils-1.8.jar:/home/vinita/.m2/repository/com/fasterxml/jackson/core/jackson-databind/2.2.3/jackson-databind-2.2.3.jar:/home/vinita/.m2/repository/com/fasterxml/jackson/core/jackson-annotations/2.2.3/jackson-annotations-2.2.3.jar:/home/vinita/.m2/repository/com/fasterxml/jackson/core/jackson-core/2.2.3/jackson-core-2.2.3.jar:/home/vinita/.m2/repository/org/mozilla/rhino/1.7R4/rhino-1.7R4.jar:/home/vinita/.m2/repository/javax/mail/mailapi/1.4.3/mailapi-1.4.3.jar:/home/vinita/.m2/repository/net/sf/jopt-simple/jopt-simple/4.6/jopt-simple-4.6.jar:/home/vinita/.m2/repository/org/apache/maven/plugins/maven-surefire-plugin/3.0.0-M3/maven-surefire-plugin-3.0.0-M3.jar:/home/vinita/.m2/repository/org/apache/maven/surefire/maven-surefire-common/3.0.0-M3/maven-surefire-common-3.0.0-M3.jar:/home/vinita/.m2/repository/org/apache/maven/surefire/surefire-api/3.0.0-M3/surefire-api-3.0.0-M3.jar:/home/vinita/.m2/repository/org/apache/maven/surefire/surefire-logger-api/3.0.0-M3/surefire-logger-api-3.0.0-M3.jar:/home/vinita/.m2/repository/org/apache/maven/surefire/surefire-booter/3.0.0-M3/surefire-booter-3.0.0-M3.jar:/home/vinita/.m2/repository/org/apache/maven/maven-toolchain/3.0-alpha-2/maven-toolchain-3.0-alpha-2.jar:/home/vinita/.m2/repository/org/apache/maven/maven-core/3.0-alpha-2/maven-core-3.0-alpha-2.jar:/home/vinita/.m2/repository/org/apache/maven/maven-lifecycle/3.0-alpha-2/maven-lifecycle-3.0-alpha-2.jar:/home/vinita/.m2/repository/org/apache/maven/maven-reporting-api/3.0-alpha-2/maven-reporting-api-3.0-alpha-2.jar:/home/vinita/.m2/repository/org/apache/maven/doxia/doxia-sink-api/1.0-alpha-9/doxia-sink-api-1.0-alpha-9.jar:/home/vinita/.m2/repository/org/apache/maven/maven-model/3.0-alpha-2/maven-model-3.0-alpha-2.jar:/home/vinita/.m2/repository/org/apache/maven/maven-plugin-api/3.0-alpha-2/maven-plugin-api-3.0-alpha-2.jar:/home/vinita/.m2/repository/org/codehaus/plexus/plexus-container-default/1.0-beta-3.0.5/plexus-container-default-1.0-beta-3.0.5.jar:/home/vinita/.m2/repository/org/apache/xbean/xbean-reflect/3.4/xbean-reflect-3.4.jar:/home/vinita/.m2/repository/log4j/log4j/1.2.12/log4j-1.2.12.jar:/home/vinita/.m2/repository/commons-logging/commons-logging-api/1.1/commons-logging-api-1.1.jar:/home/vinita/.m2/repository/com/google/code/google-collections/google-collect/snapshot-20080530/google-collect-snapshot-20080530.jar:/home/vinita/.m2/repository/junit/junit/3.8.2/junit-3.8.2.jar:/home/vinita/.m2/repository/org/apache/maven/maven-project/3.0-alpha-2/maven-project-3.0-alpha-2.jar:/home/vinita/.m2/repository/org/codehaus/woodstox/wstx-asl/3.2.6/wstx-asl-3.2.6.jar:/home/vinita/.m2/repository/org/apache/maven/maven-project-builder/3.0-alpha-2/maven-project-builder-3.0-alpha-2.jar:/home/vinita/.m2/repository/commons-cli/commons-cli/1.0/commons-cli-1.0.jar:/home/vinita/.m2/repository/org/codehaus/plexus/plexus-interactivity-api/1.0-alpha-6/plexus-interactivity-api-1.0-alpha-6.jar:/home/vinita/.m2/repository/org/codehaus/plexus/plexus-interpolation/1.1/plexus-interpolation-1.1.jar:/home/vinita/.m2/repository/org/codehaus/plexus/plexus-utils/1.5.6/plexus-utils-1.5.6.jar:/home/vinita/.m2/repository/org/codehaus/plexus/plexus-classworlds/1.3/plexus-classworlds-1.3.jar:/home/vinita/.m2/repository/org/codehaus/plexus/plexus-component-annotations/1.0-beta-3.0.5/plexus-component-annotations-1.0-beta-3.0.5.jar:/home/vinita/.m2/repository/org/sonatype/plexus/plexus-plugin-manager/1.0-alpha-1/plexus-plugin-manager-1.0-alpha-1.jar:/home/vinita/.m2/repository/org/apache/maven/mercury/mercury-plexus/1.0.0-alpha-2/mercury-plexus-1.0.0-alpha-2.jar:/home/vinita/.m2/repository/org/apache/maven/mercury/mercury-repo-remote-m2/1.0.0-alpha-2/mercury-repo-remote-m2-1.0.0-alpha-2.jar:/home/vinita/.m2/repository/org/apache/maven/mercury/mercury-repo-api/1.0.0-alpha-2/mercury-repo-api-1.0.0-alpha-2.jar:/home/vinita/.m2/repository/org/apache/maven/mercury/mercury-transport-api/1.0.0-alpha-2/mercury-transport-api-1.0.0-alpha-2.jar:/home/vinita/.m2/repository/org/apache/maven/mercury/mercury-crypto-api/1.0.0-alpha-2/mercury-crypto-api-1.0.0-alpha-2.jar:/home/vinita/.m2/repository/org/apache/maven/mercury/mercury-transport-http/1.0.0-alpha-2/mercury-transport-http-1.0.0-alpha-2.jar:/home/vinita/.m2/repository/org/mortbay/jetty/jetty-client/6.1.12/jetty-client-6.1.12.jar:/home/vinita/.m2/repository/org/mortbay/jetty/jetty-sslengine/6.1.12/jetty-sslengine-6.1.12.jar:/home/vinita/.m2/repository/org/mortbay/jetty/jetty/6.1.12/jetty-6.1.12.jar:/home/vinita/.m2/repository/org/mortbay/jetty/jetty-util/6.1.12/jetty-util-6.1.12.jar:/home/vinita/.m2/repository/org/mortbay/jetty/servlet-api-2.5/6.1.12/servlet-api-2.5-6.1.12.jar:/home/vinita/.m2/repository/org/apache/maven/mercury/mercury-crypto-basic/1.0.0-alpha-2/mercury-crypto-basic-1.0.0-alpha-2.jar:/home/vinita/.m2/repository/bouncycastle/bcprov-jdk15/140/bcprov-jdk15-140.jar:/home/vinita/.m2/repository/bouncycastle/bcpg-jdk15/140/bcpg-jdk15-140.jar:/home/vinita/.m2/repository/org/apache/maven/mercury/mercury-md-shared/1.0.0-alpha-2/mercury-md-shared-1.0.0-alpha-2.jar:/home/vinita/.m2/repository/org/apache/maven/mercury/mercury-util/1.0.0-alpha-2/mercury-util-1.0.0-alpha-2.jar:/home/vinita/.m2/repository/org/apache/maven/mercury/mercury-repo-local-m2/1.0.0-alpha-2/mercury-repo-local-m2-1.0.0-alpha-2.jar:/home/vinita/.m2/repository/org/apache/maven/mercury/mercury-repo-virtual/1.0.0-alpha-2/mercury-repo-virtual-1.0.0-alpha-2.jar:/home/vinita/.m2/repository/org/apache/maven/mercury/mercury-repo-cache-fs/1.0.0-alpha-2/mercury-repo-cache-fs-1.0.0-alpha-2.jar:/home/vinita/.m2/repository/org/apache/maven/mercury/mercury-md-sat/1.0.0-alpha-2/mercury-md-sat-1.0.0-alpha-2.jar:/home/vinita/.m2/repository/org/sat4j/org.sat4j.core/2.0.4/org.sat4j.core-2.0.4.jar:/home/vinita/.m2/repository/org/sat4j/org.sat4j.pb/2.0.4/org.sat4j.pb-2.0.4.jar:/home/vinita/.m2/repository/org/apache/maven/mercury/mercury-event/1.0.0-alpha-2/mercury-event-1.0.0-alpha-2.jar:/home/vinita/.m2/repository/org/apache/maven/mercury/mercury-logging/1.0.0-alpha-2/mercury-logging-1.0.0-alpha-2.jar:/home/vinita/.m2/repository/org/codehaus/plexus/plexus-lang/1.1/plexus-lang-1.1.jar:/home/vinita/.m2/repository/org/slf4j/slf4j-jdk14/1.5.3/slf4j-jdk14-1.5.3.jar:/home/vinita/.m2/repository/org/slf4j/slf4j-api/1.5.3/slf4j-api-1.5.3.jar:/home/vinita/.m2/repository/org/apache/maven/maven-mercury/3.0-alpha-2/maven-mercury-3.0-alpha-2.jar:/home/vinita/.m2/repository/org/apache/maven/mercury/mercury-artifact/1.0.0-alpha-2/mercury-artifact-1.0.0-alpha-2.jar:/home/vinita/.m2/repository/org/apache/maven/mercury/mercury-external/1.0.0-alpha-2/mercury-external-1.0.0-alpha-2.jar:/home/vinita/.m2/repository/org/sonatype/spice/model-builder/1.3/model-builder-1.3.jar:/home/vinita/.m2/repository/stax/stax-api/1.0.1/stax-api-1.0.1.jar:/home/vinita/.m2/repository/org/apache/maven/maven-compat/3.0-alpha-2/maven-compat-3.0-alpha-2.jar:/home/vinita/.m2/repository/org/apache/maven/wagon/wagon-provider-api/1.0-beta-4/wagon-provider-api-1.0-beta-4.jar:/home/vinita/.m2/repository/org/codehaus/plexus/plexus-java/1.0.1/plexus-java-1.0.1.jar:/home/vinita/.m2/repository/org/ow2/asm/asm/7.0-beta/asm-7.0-beta.jar:/home/vinita/.m2/repository/com/thoughtworks/qdox/qdox/2.0-M9/qdox-2.0-M9.jar:/home/vinita/.m2/repository/org/projectlombok/lombok/1.18.8/lombok-1.18.8.jar:/home/vinita/.m2/repository/info/cukes/cucumber-java/1.2.5/cucumber-java-1.2.5.jar:/home/vinita/.m2/repository/info/cukes/cucumber-core/1.2.5/cucumber-core-1.2.5.jar:/home/vinita/.m2/repository/info/cukes/cucumber-html/0.2.3/cucumber-html-0.2.3.jar:/home/vinita/.m2/repository/info/cukes/cucumber-jvm-deps/1.0.5/cucumber-jvm-deps-1.0.5.jar:/home/vinita/.m2/repository/info/cukes/gherkin/2.12.2/gherkin-2.12.2.jar:/home/vinita/.m2/repository/info/cukes/cucumber-testng/1.2.5/cucumber-testng-1.2.5.jar:/home/vinita/.m2/repository/org/apache/logging/log4j/log4j-core/2.12.1/log4j-core-2.12.1.jar:/home/vinita/.m2/repository/org/apache/logging/log4j/log4j-api/2.12.1/log4j-api-2.12.1.jar:"/>
    <property name="sun.cpu.endian" value="little"/>
    <property name="user.home" value="/home/vinita"/>
    <property name="user.language" value="en"/>
    <property name="java.specification.vendor" value="Oracle Corporation"/>
    <property name="java.version.date" value="2019-07-16"/>
    <property name="java.home" value="/usr/lib/jvm/java-11-openjdk-amd64"/>
    <property name="file.separator" value="/"/>
    <property name="basedir" value="/home/vinita/Documents/Automation/restapi"/>
    <property name="java.vm.compressedOopsMode" value="32-bit"/>
    <property name="line.separator" value="&#10;"/>
    <property name="java.specification.name" value="Java Platform API Specification"/>
    <property name="java.vm.specification.vendor" value="Oracle Corporation"/>
    <property name="java.awt.graphicsenv" value="sun.awt.X11GraphicsEnvironment"/>
    <property name="surefire.real.class.path" value="/home/vinita/Documents/Automation/restapi/target/surefire/surefirebooter13349492402113593050.jar"/>
    <property name="sun.management.compiler" value="HotSpot 64-Bit Tiered Compilers"/>
    <property name="java.runtime.version" value="11.0.4+11-post-Ubuntu-1ubuntu218.04.3"/>
    <property name="user.name" value="vinita"/>
    <property name="path.separator" value=":"/>
    <property name="os.version" value="4.15.0-58-generic"/>
    <property name="java.runtime.name" value="OpenJDK Runtime Environment"/>
    <property name="file.encoding" value="UTF-8"/>
    <property name="java.vm.name" value="OpenJDK 64-Bit Server VM"/>
    <property name="localRepository" value="/home/vinita/.m2/repository"/>
    <property name="java.vendor.url.bug" value="https://bugs.launchpad.net/ubuntu/+source/openjdk-lts"/>
    <property name="java.io.tmpdir" value="/tmp"/>
    <property name="java.version" value="11.0.4"/>
    <property name="user.dir" value="/home/vinita/Documents/Automation/restapi"/>
    <property name="os.arch" value="amd64"/>
    <property name="java.vm.specification.name" value="Java Virtual Machine Specification"/>
    <property name="java.awt.printerjob" value="sun.print.PSPrinterJob"/>
    <property name="sun.os.patch.level" value="unknown"/>
    <property name="java.library.path" value="/usr/java/packages/lib:/usr/lib/x86_64-linux-gnu/jni:/lib/x86_64-linux-gnu:/usr/lib/x86_64-linux-gnu:/usr/lib/jni:/lib:/usr/lib"/>
    <property name="java.vendor" value="Ubuntu"/>
    <property name="java.vm.info" value="mixed mode, sharing"/>
    <property name="java.vm.version" value="11.0.4+11-post-Ubuntu-1ubuntu218.04.3"/>
    <property name="sun.io.unicode.encoding" value="UnicodeLittle"/>
    <property name="java.class.version" value="55.0"/>
  </properties>
  <testcase name="feature" classname="Runner" time="7.968"/>
  <testcase name="feature" classname="Runner" time="0.257"/>
  <testcase name="feature" classname="Runner" time="4.493">
    <failure message="java.lang.AssertionError: Status check FAILED expected [200] but found [404]" type="cucumber.runtime.CucumberException">cucumber.runtime.CucumberException: java.lang.AssertionError: Status check FAILED expected [200] but found [404]
Caused by: java.lang.AssertionError: Status check FAILED expected [200] but found [404]
</failure>
    <system-out><![CDATA[Feature: to validate user creation and updation
  
    to create a new user, update an existing user and validate the successfull creation and updation

  @createPet
  Scenario Outline: Create a User                      # user/ValidateUser.feature:6
    Given the user has POST api of create user
    When the user enters the data "<name>" and "<job>"
    When the user hits the POST api
    Then the user should be created

    Examples: 

  @createPet
  Scenario Outline: Create a User                       # user/ValidateUser.feature:14
    Given the user has POST api of create user          # ValidateUser.the_user_has_POST_api_of_create_user()
    When the user enters the data "vine" and "engineer" # ValidateUser.the_user_enters_the_data_and(String,String)
    When the user hits the POST api                     # ValidateUser.the_user_hits_the_POST_api()
    Then the user should be created                     # ValidateUser.the_user_should_be_created()

  @getUser
  Scenario: get a user details                   # user/ValidateUser.feature:17
    Given the user has GET api of user           # ValidateUser.the_user_has_GET_api_of_user()
    When the user hits the GET api with valid id # ValidateUser.the_user_hits_the_GET_api_with_valid_id()
    Then the user should be validated            # ValidateUser.the_user_should_be_validated()
      java.lang.AssertionError: Status check FAILED expected [200] but found [404]
      	at org.testng.Assert.fail(Assert.java:96)
      	at org.testng.Assert.failNotEquals(Assert.java:776)
      	at org.testng.Assert.assertEqualsImpl(Assert.java:137)
      	at org.testng.Assert.assertEquals(Assert.java:118)
      	at org.testng.Assert.assertEquals(Assert.java:652)
      	at reqres.helpers.HelperTestMethods.checkStatusIs200(HelperTestMethods.java:15)
      	at reqres.e2e.steps.user.ValidateUser.the_user_should_be_validated(ValidateUser.java:90)
      	at ✽.Then the user should be validated(user/ValidateUser.feature:20)


  @updateUser
  Scenario Outline: update a user details                        # user/ValidateUser.feature:24
    Given the user has PUT api of a user with valid id
    When user enters the updated data "<newName>" and "<newJob>"
    When the user hits the PUT api
    Then the user should be updated

    Examples: 

  @updateUser
  Scenario Outline: update a user details                     # user/ValidateUser.feature:32
    Given the user has PUT api of a user with valid id        # ValidateUser.the_user_has_PUT_api_of_a_user_with_valid_id()
    When user enters the updated data "vineetag" and "doctor" # ValidateUser.user_enters_the_updated_data_and(String,String)
    When the user hits the PUT api                            # ValidateUser.the_user_hits_the_PUT_api()
    Then the user should be updated                           # ValidateUser.the_user_should_be_updated()

  @deleteUser
  Scenario: delete a user                       # user/ValidateUser.feature:35
    Given the user has DELETE api with valid id # ValidateUser.the_user_has_DELETE_api_with_valid_id()
    When the user hits the DELETE api           # ValidateUser.the_user_hits_the_DELETE_api()
    Then the user should gets deleted           # ValidateUser.the_user_should_gets_deleted()
]]></system-out>
  </testcase>
</testsuite>