<?xml version="1.0" encoding="UTF-8"?>
<!-- Generated by org.testng.reporters.JUnitReportReporter -->
<testsuite skipped="0" hostname="LAPTOP-PVMPS0OQ" name="Runner" tests="3" failures="0" timestamp="31 Aug 2019 08:27:30 GMT" time="8.684" errors="0">
  <testcase name="feature" time="0.275" classname="Runner"/>
  <testcase name="feature" time="5.771" classname="Runner"/>
  <testcase name="feature" time="2.638" classname="Runner"/>
</testsuite> <!-- Runner -->
